[2020-10-14 00:06:56] local.ERROR: SQLSTATE[HY000] [2002] Connection refused {"exception":"[object] (PDOException(code: 2002): SQLSTATE[HY000] [2002] Connection refused at /opt/sacode-parlamento/sacodeparlamento/vendor/laravel/framework/src/Illuminate/Database/Connectors/Connector.php:67)
[stacktrace]
#0 /opt/sacode-parlamento/sacodeparlamento/vendor/laravel/framework/src/Illuminate/Database/Connectors/Connector.php(67): PDO->__construct('mysql:host=127....', 'root', 'my-secret-pw', Array)
#1 /opt/sacode-parlamento/sacodeparlamento/vendor/laravel/framework/src/Illuminate/Database/Connectors/Connector.php(43): Illuminate\\Database\\Connectors\\Connector->createPdoConnection('mysql:host=127....', 'root', 'my-secret-pw', Array)
#2 /opt/sacode-parlamento/sacodeparlamento/vendor/laravel/framework/src/Illuminate/Database/Connectors/MySqlConnector.php(24): Illuminate\\Database\\Connectors\\Connector->createConnection('mysql:host=127....', Array, Array)
#3 /opt/sacode-parlamento/sacodeparlamento/vendor/laravel/framework/src/Illuminate/Database/Connectors/ConnectionFactory.php(183): Illuminate\\Database\\Connectors\\MySqlConnector->connect(Array)
#4 [internal function]: Illuminate\\Database\\Connectors\\ConnectionFactory->Illuminate\\Database\\Connectors\\{closure}()
#5 /opt/sacode-parlamento/sacodeparlamento/vendor/laravel/framework/src/Illuminate/Database/Connection.php(915): call_user_func(Object(Closure))
#6 /opt/sacode-parlamento/sacodeparlamento/vendor/laravel/framework/src/Illuminate/Database/Connection.php(940): Illuminate\\Database\\Connection->getPdo()
#7 /opt/sacode-parlamento/sacodeparlamento/vendor/laravel/framework/src/Illuminate/Database/Connection.php(399): Illuminate\\Database\\Connection->getReadPdo()
#8 /opt/sacode-parlamento/sacodeparlamento/vendor/laravel/framework/src/Illuminate/Database/Connection.php(325): Illuminate\\Database\\Connection->getPdoForSelect(true)
#9 /opt/sacode-parlamento/sacodeparlamento/vendor/laravel/framework/src/Illuminate/Database/Connection.php(657): Illuminate\\Database\\Connection->Illuminate\\Database\\{closure}('select * from i...', Array)
#10 /opt/sacode-parlamento/sacodeparlamento/vendor/laravel/framework/src/Illuminate/Database/Connection.php(624): Illuminate\\Database\\Connection->runQueryCallback('select * from i...', Array, Object(Closure))
#11 /opt/sacode-parlamento/sacodeparlamento/vendor/laravel/framework/src/Illuminate/Database/Connection.php(333): Illuminate\\Database\\Connection->run('select * from i...', Array, Object(Closure))
#12 /opt/sacode-parlamento/sacodeparlamento/vendor/laravel/framework/src/Illuminate/Database/Schema/MySqlBuilder.php(18): Illuminate\\Database\\Connection->select('select * from i...', Array)
#13 /opt/sacode-parlamento/sacodeparlamento/vendor/laravel/framework/src/Illuminate/Database/Migrations/DatabaseMigrationRepository.php(156): Illuminate\\Database\\Schema\\MySqlBuilder->hasTable('migrations')
#14 /opt/sacode-parlamento/sacodeparlamento/vendor/laravel/framework/src/Illuminate/Database/Migrations/Migrator.php(545): Illuminate\\Database\\Migrations\\DatabaseMigrationRepository->repositoryExists()
#15 /opt/sacode-parlamento/sacodeparlamento/vendor/laravel/framework/src/Illuminate/Database/Console/Migrations/MigrateCommand.php(96): Illuminate\\Database\\Migrations\\Migrator->repositoryExists()
#16 /opt/sacode-parlamento/sacodeparlamento/vendor/laravel/framework/src/Illuminate/Database/Console/Migrations/MigrateCommand.php(62): Illuminate\\Database\\Console\\Migrations\\MigrateCommand->prepareDatabase()
#17 [internal function]: Illuminate\\Database\\Console\\Migrations\\MigrateCommand->handle()
#18 /opt/sacode-parlamento/sacodeparlamento/vendor/laravel/framework/src/Illuminate/Container/BoundMethod.php(29): call_user_func_array(Array, Array)
#19 /opt/sacode-parlamento/sacodeparlamento/vendor/laravel/framework/src/Illuminate/Container/BoundMethod.php(87): Illuminate\\Container\\BoundMethod::Illuminate\\Container\\{closure}()
#20 /opt/sacode-parlamento/sacodeparlamento/vendor/laravel/framework/src/Illuminate/Container/BoundMethod.php(31): Illuminate\\Container\\BoundMethod::callBoundMethod(Object(Illuminate\\Foundation\\Application), Array, Object(Closure))
#21 /opt/sacode-parlamento/sacodeparlamento/vendor/laravel/framework/src/Illuminate/Container/Container.php(549): Illuminate\\Container\\BoundMethod::call(Object(Illuminate\\Foundation\\Application), Array, Array, NULL)
#22 /opt/sacode-parlamento/sacodeparlamento/vendor/laravel/framework/src/Illuminate/Console/Command.php(183): Illuminate\\Container\\Container->call(Array)
#23 /opt/sacode-parlamento/sacodeparlamento/vendor/symfony/console/Command/Command.php(255): Illuminate\\Console\\Command->execute(Object(Symfony\\Component\\Console\\Input\\ArgvInput), Object(Illuminate\\Console\\OutputStyle))
#24 /opt/sacode-parlamento/sacodeparlamento/vendor/laravel/framework/src/Illuminate/Console/Command.php(170): Symfony\\Component\\Console\\Command\\Command->run(Object(Symfony\\Component\\Console\\Input\\ArgvInput), Object(Illuminate\\Console\\OutputStyle))
#25 /opt/sacode-parlamento/sacodeparlamento/vendor/symfony/console/Application.php(992): Illuminate\\Console\\Command->run(Object(Symfony\\Component\\Console\\Input\\ArgvInput), Object(Symfony\\Component\\Console\\Output\\ConsoleOutput))
#26 /opt/sacode-parlamento/sacodeparlamento/vendor/symfony/console/Application.php(255): Symfony\\Component\\Console\\Application->doRunCommand(Object(Illuminate\\Database\\Console\\Migrations\\MigrateCommand), Object(Symfony\\Component\\Console\\Input\\ArgvInput), Object(Symfony\\Component\\Console\\Output\\ConsoleOutput))
#27 /opt/sacode-parlamento/sacodeparlamento/vendor/symfony/console/Application.php(148): Symfony\\Component\\Console\\Application->doRun(Object(Symfony\\Component\\Console\\Input\\ArgvInput), Object(Symfony\\Component\\Console\\Output\\ConsoleOutput))
#28 /opt/sacode-parlamento/sacodeparlamento/vendor/laravel/framework/src/Illuminate/Console/Application.php(88): Symfony\\Component\\Console\\Application->run(Object(Symfony\\Component\\Console\\Input\\ArgvInput), Object(Symfony\\Component\\Console\\Output\\ConsoleOutput))
#29 /opt/sacode-parlamento/sacodeparlamento/vendor/laravel/framework/src/Illuminate/Foundation/Console/Kernel.php(121): Illuminate\\Console\\Application->run(Object(Symfony\\Component\\Console\\Input\\ArgvInput), Object(Symfony\\Component\\Console\\Output\\ConsoleOutput))
#30 /opt/sacode-parlamento/sacodeparlamento/artisan(37): Illuminate\\Foundation\\Console\\Kernel->handle(Object(Symfony\\Component\\Console\\Input\\ArgvInput), Object(Symfony\\Component\\Console\\Output\\ConsoleOutput))
#31 {main}
"} 
[2020-10-14 00:06:56] local.ERROR: SQLSTATE[HY000] [2002] Connection refused (SQL: select * from information_schema.tables where table_schema = sacode_parlamento and table_name = migrations) {"exception":"[object] (Illuminate\\Database\\QueryException(code: 2002): SQLSTATE[HY000] [2002] Connection refused (SQL: select * from information_schema.tables where table_schema = sacode_parlamento and table_name = migrations) at /opt/sacode-parlamento/sacodeparlamento/vendor/laravel/framework/src/Illuminate/Database/Connection.php:664, PDOException(code: 2002): SQLSTATE[HY000] [2002] Connection refused at /opt/sacode-parlamento/sacodeparlamento/vendor/laravel/framework/src/Illuminate/Database/Connectors/Connector.php:67)
[stacktrace]
#0 /opt/sacode-parlamento/sacodeparlamento/vendor/laravel/framework/src/Illuminate/Database/Connection.php(624): Illuminate\\Database\\Connection->runQueryCallback('select * from i...', Array, Object(Closure))
#1 /opt/sacode-parlamento/sacodeparlamento/vendor/laravel/framework/src/Illuminate/Database/Connection.php(333): Illuminate\\Database\\Connection->run('select * from i...', Array, Object(Closure))
#2 /opt/sacode-parlamento/sacodeparlamento/vendor/laravel/framework/src/Illuminate/Database/Schema/MySqlBuilder.php(18): Illuminate\\Database\\Connection->select('select * from i...', Array)
#3 /opt/sacode-parlamento/sacodeparlamento/vendor/laravel/framework/src/Illuminate/Database/Migrations/DatabaseMigrationRepository.php(156): Illuminate\\Database\\Schema\\MySqlBuilder->hasTable('migrations')
#4 /opt/sacode-parlamento/sacodeparlamento/vendor/laravel/framework/src/Illuminate/Database/Migrations/Migrator.php(545): Illuminate\\Database\\Migrations\\DatabaseMigrationRepository->repositoryExists()
#5 /opt/sacode-parlamento/sacodeparlamento/vendor/laravel/framework/src/Illuminate/Database/Console/Migrations/MigrateCommand.php(96): Illuminate\\Database\\Migrations\\Migrator->repositoryExists()
#6 /opt/sacode-parlamento/sacodeparlamento/vendor/laravel/framework/src/Illuminate/Database/Console/Migrations/MigrateCommand.php(62): Illuminate\\Database\\Console\\Migrations\\MigrateCommand->prepareDatabase()
#7 [internal function]: Illuminate\\Database\\Console\\Migrations\\MigrateCommand->handle()
#8 /opt/sacode-parlamento/sacodeparlamento/vendor/laravel/framework/src/Illuminate/Container/BoundMethod.php(29): call_user_func_array(Array, Array)
#9 /opt/sacode-parlamento/sacodeparlamento/vendor/laravel/framework/src/Illuminate/Container/BoundMethod.php(87): Illuminate\\Container\\BoundMethod::Illuminate\\Container\\{closure}()
#10 /opt/sacode-parlamento/sacodeparlamento/vendor/laravel/framework/src/Illuminate/Container/BoundMethod.php(31): Illuminate\\Container\\BoundMethod::callBoundMethod(Object(Illuminate\\Foundation\\Application), Array, Object(Closure))
#11 /opt/sacode-parlamento/sacodeparlamento/vendor/laravel/framework/src/Illuminate/Container/Container.php(549): Illuminate\\Container\\BoundMethod::call(Object(Illuminate\\Foundation\\Application), Array, Array, NULL)
#12 /opt/sacode-parlamento/sacodeparlamento/vendor/laravel/framework/src/Illuminate/Console/Command.php(183): Illuminate\\Container\\Container->call(Array)
#13 /opt/sacode-parlamento/sacodeparlamento/vendor/symfony/console/Command/Command.php(255): Illuminate\\Console\\Command->execute(Object(Symfony\\Component\\Console\\Input\\ArgvInput), Object(Illuminate\\Console\\OutputStyle))
#14 /opt/sacode-parlamento/sacodeparlamento/vendor/laravel/framework/src/Illuminate/Console/Command.php(170): Symfony\\Component\\Console\\Command\\Command->run(Object(Symfony\\Component\\Console\\Input\\ArgvInput), Object(Illuminate\\Console\\OutputStyle))
#15 /opt/sacode-parlamento/sacodeparlamento/vendor/symfony/console/Application.php(992): Illuminate\\Console\\Command->run(Object(Symfony\\Component\\Console\\Input\\ArgvInput), Object(Symfony\\Component\\Console\\Output\\ConsoleOutput))
#16 /opt/sacode-parlamento/sacodeparlamento/vendor/symfony/console/Application.php(255): Symfony\\Component\\Console\\Application->doRunCommand(Object(Illuminate\\Database\\Console\\Migrations\\MigrateCommand), Object(Symfony\\Component\\Console\\Input\\ArgvInput), Object(Symfony\\Component\\Console\\Output\\ConsoleOutput))
#17 /opt/sacode-parlamento/sacodeparlamento/vendor/symfony/console/Application.php(148): Symfony\\Component\\Console\\Application->doRun(Object(Symfony\\Component\\Console\\Input\\ArgvInput), Object(Symfony\\Component\\Console\\Output\\ConsoleOutput))
#18 /opt/sacode-parlamento/sacodeparlamento/vendor/laravel/framework/src/Illuminate/Console/Application.php(88): Symfony\\Component\\Console\\Application->run(Object(Symfony\\Component\\Console\\Input\\ArgvInput), Object(Symfony\\Component\\Console\\Output\\ConsoleOutput))
#19 /opt/sacode-parlamento/sacodeparlamento/vendor/laravel/framework/src/Illuminate/Foundation/Console/Kernel.php(121): Illuminate\\Console\\Application->run(Object(Symfony\\Component\\Console\\Input\\ArgvInput), Object(Symfony\\Component\\Console\\Output\\ConsoleOutput))
#20 /opt/sacode-parlamento/sacodeparlamento/artisan(37): Illuminate\\Foundation\\Console\\Kernel->handle(Object(Symfony\\Component\\Console\\Input\\ArgvInput), Object(Symfony\\Component\\Console\\Output\\ConsoleOutput))
#21 {main}
"} 
